4.1951 	WARNING 	We strongly recommend you activate the PTB sound engine in PsychoPy prefs as the preferred audio engine. Its timing is vastly superior. Your prefs are currently set to use ['sounddevice', 'PTB', 'pyo', 'pygame'] (in that order).
13.7355 	WARNING 	User requested fullscreen with size [1024  768], but screen is actually [1366, 768]. Using actual size
16.6797 	EXP 	Created window1 = Window(allowGUI=True, allowStencil=False, autoLog=True, backendConf=UNKNOWN, bitsMode=UNKNOWN, blendMode='avg', bpc=(8, 8, 8), color=array([0, 0, 0]), colorSpace='rgb', depthBits=8, fullscr=<method-wrapper '__getattribute__' of attributeSetter object at 0x000001915D4B2EE0>, gamma=None, gammaErrorPolicy='raise', lms=UNKNOWN, monitor=<psychopy.monitors.calibTools.Monitor object at 0x0000019162340550>, multiSample=False, name='window1', numSamples=2, pos=(0, 0), screen=0, size=array([1366,  768]), stencilBits=0, stereo=False, units='height', useFBO=True, useRetina=False, viewOri=0.0, viewPos=None, viewScale=None, waitBlanking=True, winType='pyglet')
16.6807 	EXP 	window1: mouseVisible = True
16.6810 	EXP 	window1: mouseVisible = False
16.6811 	EXP 	window1: Attempting to measure frame rate of screen (0) ...
16.6811 	EXP 	window1: recordFrameIntervals = False
16.8447 	EXP 	window1: recordFrameIntervals = True
17.0287 	EXP 	Screen (0) actual frame rate measured at 60.00Hz
17.0287 	EXP 	window1: recordFrameIntervals = False
24.2900 	EXP 	Created text = TextStim(__class__=<class 'psychopy.visual.text.TextStim'>, alignHoriz=method-wrapper(...), alignText='center', alignVert=method-wrapper(...), anchorHoriz='center', anchorVert='center', antialias=True, autoDraw=False, autoLog=True, bold=False, color=array([1., 1., 1.]), colorSpace='rgb', contrast=1.0, depth=0.0, flipHoriz=False, flipVert=False, font='Open Sans', fontFiles=[], height=0.05, italic=False, languageStyle='LTR', name='text', opacity=1.0, ori=0.0, pos=array([0., 0.]), rgb=UNKNOWN, text='', units='height', win=Window(...), wrapWidth=1)
24.3761 	EXP 	window1: mouseVisible = True
24.6221 	EXP 	Created slider = Slider(__class__=<class 'psychopy.visual.slider.Slider'>, autoDraw=False, autoLog=True, borderColor=None, color=None, colorSpace='rgb', depth=-1, fillColor=None, flip=False, font='Open Sans', granularity=0.0, labelColor=None, labelHeight=0.05000000000000001, labelWrapWidth=None, labels=['Familiar', 'Unfamiliar'], lineColor=None, markerColor=None, name='slider', opacity=None, ori=0.0, pos=array([ 0. , -0.3]), readOnly=False, self=UNKNOWN, size=array([1. , 0.1]), startValue=None, style='rating', styleTweaks=[], ticks=array([1, 2, 3, 4, 5]), units='height', win=Window(...))
24.6232 	EXP 	Created text_2 = TextStim(__class__=<class 'psychopy.visual.text.TextStim'>, alignHoriz=method-wrapper(...), alignText='center', alignVert=method-wrapper(...), anchorHoriz='center', anchorVert='center', antialias=True, autoDraw=False, autoLog=True, bold=False, color=array([1., 1., 1.]), colorSpace='rgb', contrast=1.0, depth=0.0, flipHoriz=False, flipVert=False, font='Open Sans', fontFiles=[], height=0.05, italic=False, languageStyle='LTR', name='text_2', opacity=1.0, ori=0.0, pos=array([0. , 0.3]), rgb=UNKNOWN, text='', units='height', win=Window(...), wrapWidth=1)
24.7883 	EXP 	Created text_3 = TextStim(__class__=<class 'psychopy.visual.text.TextStim'>, alignHoriz=method-wrapper(...), alignText='center', alignVert=method-wrapper(...), anchorHoriz='center', anchorVert='center', antialias=True, autoDraw=False, autoLog=True, bold=False, color=array([1., 1., 1.]), colorSpace='rgb', contrast=1.0, depth=-2.0, flipHoriz=False, flipVert=False, font='Open Sans', fontFiles=[], height=0.05000000000000001, italic=False, languageStyle='LTR', name='text_3', opacity=1.0, ori=0.0, pos=array([ 0. , -0.3]), rgb=UNKNOWN, text='click to submit', units='height', win=Window(...), wrapWidth=1)
24.7884 	EXP 	window1: mouseVisible = True
24.7953 	EXP 	Imported study_word.xlsx as conditions, 15 conditions, 1 params
24.7979 	EXP 	Created sequence: random, trialTypes=15, nReps=1, seed=None
24.7982 	EXP 	New trial (rep=0, index=0): {'study_word': 'vase'}
24.8447 	EXP 	slider: autoLog = True
24.8447 	EXP 	slider: markerPos = None
24.8447 	EXP 	slider: styleTweaks = []
24.8447 	EXP 	slider: styleTweaks = []
24.8447 	EXP 	slider: styleTweaks = []
24.8447 	EXP 	slider: styleTweaks = []
24.8447 	EXP 	slider: contrast = 1.0
24.8447 	EXP 	slider: autoLog = True
24.8447 	EXP 	textbox: autoLog = True
24.8447 	EXP 	text: height = 0.05000000000000001
24.8447 	EXP 	text: height = 0.05000000000000001
24.8447 	EXP 	text: height = 0.05000000000000001
24.8447 	EXP 	text: text = 'vase'
24.8447 	EXP 	slider: markerPos = None
24.8447 	EXP 	slider: markerPos = None
24.8447 	EXP 	text: autoDraw = True
24.8447 	EXP 	slider: autoDraw = True
27.6200 	DATA 	Mouse: Left button down, pos=(490,159)
27.6438 	EXP 	slider: markerPos = 1.9947916666666667
27.6605 	EXP 	slider: markerPos = 1.9947916666666667
27.6774 	EXP 	slider: markerPos = 1.9947916666666667
27.6940 	EXP 	slider: markerPos = 1.9947916666666667
27.7106 	EXP 	slider: markerPos = 1.9947916666666667
27.7273 	EXP 	slider: markerPos = 1.9947916666666667
27.7440 	EXP 	slider: markerPos = 1.9947916666666667
27.7606 	EXP 	slider: markerPos = 1.9947916666666667
27.7770 	EXP 	slider: markerPos = 1.9947916666666667
27.7939 	EXP 	slider: markerPos = 1.9947916666666667
27.8106 	EXP 	slider: markerPos = 1.9947916666666667
27.8273 	EXP 	slider: markerPos = 1.9947916666666667
27.8440 	EXP 	slider: markerPos = 1.9947916666666667
27.8539 	DATA 	Mouse:  Left button up, pos=(490,159)
27.8606 	EXP 	slider: markerPos = 1.9947916666666667
27.8773 	EXP 	slider: markerPos = 1.9947916666666667
27.8831 	EXP 	New trial (rep=0, index=1): {'study_word': 'belt'}
27.8997 	EXP 	text: autoDraw = False
27.8997 	EXP 	slider: autoDraw = False
27.8997 	EXP 	text: height = 0.05000000000000001
27.8997 	EXP 	text: height = 0.05000000000000001
27.8997 	EXP 	text: height = 0.05000000000000001
27.8997 	EXP 	text: text = 'belt'
27.8997 	EXP 	slider: markerPos = None
27.8997 	EXP 	slider: markerPos = None
27.8997 	EXP 	text: autoDraw = True
27.8997 	EXP 	slider: autoDraw = True
29.5976 	DATA 	Mouse: Left button down, pos=(293,155)
29.6137 	EXP 	slider: markerPos = 0.96875
29.6341 	EXP 	slider: markerPos = 0.96875
29.6474 	EXP 	slider: markerPos = 0.96875
29.6606 	EXP 	slider: markerPos = 0.96875
29.6772 	EXP 	slider: markerPos = 0.96875
29.6940 	EXP 	slider: markerPos = 0.96875
29.7108 	EXP 	slider: markerPos = 0.96875
29.7301 	EXP 	slider: markerPos = 0.96875
29.7440 	EXP 	slider: markerPos = 0.96875
29.7605 	EXP 	slider: markerPos = 0.96875
29.7769 	EXP 	slider: markerPos = 0.96875
29.7939 	EXP 	slider: markerPos = 0.96875
29.8106 	EXP 	slider: markerPos = 0.96875
29.8272 	EXP 	slider: markerPos = 0.96875
29.8292 	DATA 	Mouse:  Left button up, pos=(293,155)
29.8438 	EXP 	slider: markerPos = 1
29.8480 	EXP 	New trial (rep=0, index=2): {'study_word': 'blanket'}
29.8677 	EXP 	text: autoDraw = False
29.8677 	EXP 	slider: autoDraw = False
29.8677 	EXP 	text: height = 0.05000000000000001
29.8677 	EXP 	text: height = 0.05000000000000001
29.8677 	EXP 	text: height = 0.05000000000000001
29.8677 	EXP 	text: text = 'blanket'
29.8677 	EXP 	slider: markerPos = None
29.8677 	EXP 	slider: markerPos = None
29.8677 	EXP 	text: autoDraw = True
29.8677 	EXP 	slider: autoDraw = True
30.7127 	DATA 	Mouse: Left button down, pos=(293,155)
30.7271 	EXP 	slider: markerPos = 0.96875
30.7438 	EXP 	slider: markerPos = 0.96875
30.7606 	EXP 	slider: markerPos = 0.96875
30.7772 	EXP 	slider: markerPos = 0.96875
30.7938 	EXP 	slider: markerPos = 0.96875
30.8105 	EXP 	slider: markerPos = 0.96875
30.8272 	EXP 	slider: markerPos = 0.96875
30.8438 	EXP 	slider: markerPos = 0.96875
30.8605 	EXP 	slider: markerPos = 0.96875
30.8772 	EXP 	slider: markerPos = 0.96875
30.8938 	EXP 	slider: markerPos = 0.96875
30.9107 	EXP 	slider: markerPos = 0.96875
30.9272 	EXP 	slider: markerPos = 0.96875
30.9293 	DATA 	Mouse:  Left button up, pos=(293,155)
30.9437 	EXP 	slider: markerPos = 1
30.9474 	EXP 	New trial (rep=0, index=3): {'study_word': 'cushion'}
30.9710 	EXP 	text: autoDraw = False
30.9710 	EXP 	slider: autoDraw = False
30.9710 	EXP 	text: height = 0.05000000000000001
30.9710 	EXP 	text: height = 0.05000000000000001
30.9710 	EXP 	text: height = 0.05000000000000001
30.9710 	EXP 	text: text = 'cushion'
30.9710 	EXP 	slider: markerPos = None
30.9710 	EXP 	slider: markerPos = None
30.9710 	EXP 	text: autoDraw = True
30.9710 	EXP 	slider: autoDraw = True
31.7697 	DATA 	Mouse: Left button down, pos=(293,155)
31.7938 	EXP 	slider: markerPos = 0.96875
31.8104 	EXP 	slider: markerPos = 0.96875
31.8272 	EXP 	slider: markerPos = 0.96875
31.8438 	EXP 	slider: markerPos = 0.96875
31.8605 	EXP 	slider: markerPos = 0.96875
31.8771 	EXP 	slider: markerPos = 0.96875
31.8938 	EXP 	slider: markerPos = 0.96875
31.9106 	EXP 	slider: markerPos = 0.96875
31.9271 	EXP 	slider: markerPos = 0.96875
31.9439 	EXP 	slider: markerPos = 0.96875
31.9605 	EXP 	slider: markerPos = 0.96875
31.9771 	EXP 	slider: markerPos = 0.96875
31.9937 	EXP 	slider: markerPos = 0.96875
31.9955 	DATA 	Mouse:  Left button up, pos=(293,155)
32.0106 	EXP 	slider: markerPos = 1
32.0146 	EXP 	New trial (rep=0, index=4): {'study_word': 'plate '}
32.0315 	EXP 	text: autoDraw = False
32.0315 	EXP 	slider: autoDraw = False
32.0315 	EXP 	text: height = 0.05000000000000001
32.0315 	EXP 	text: height = 0.05000000000000001
32.0315 	EXP 	text: height = 0.05000000000000001
32.0315 	EXP 	text: text = 'plate '
32.0315 	EXP 	slider: markerPos = None
32.0315 	EXP 	slider: markerPos = None
32.0315 	EXP 	text: autoDraw = True
32.0315 	EXP 	slider: autoDraw = True
33.5632 	DATA 	Mouse: Left button down, pos=(293,155)
33.5770 	EXP 	slider: markerPos = 0.96875
33.5937 	EXP 	slider: markerPos = 0.96875
33.6105 	EXP 	slider: markerPos = 0.96875
33.6272 	EXP 	slider: markerPos = 0.96875
33.6437 	EXP 	slider: markerPos = 0.96875
33.6604 	EXP 	slider: markerPos = 0.96875
33.6771 	EXP 	slider: markerPos = 0.96875
33.6938 	EXP 	slider: markerPos = 0.96875
33.7104 	EXP 	slider: markerPos = 0.96875
33.7272 	EXP 	slider: markerPos = 0.96875
33.7440 	EXP 	slider: markerPos = 0.96875
33.7604 	EXP 	slider: markerPos = 0.96875
33.7771 	EXP 	slider: markerPos = 0.96875
33.7938 	EXP 	slider: markerPos = 0.96875
33.7957 	DATA 	Mouse:  Left button up, pos=(293,155)
33.8104 	EXP 	slider: markerPos = 1
33.8152 	EXP 	New trial (rep=0, index=5): {'study_word': 'light'}
33.8371 	EXP 	text: autoDraw = False
33.8371 	EXP 	slider: autoDraw = False
33.8371 	EXP 	text: height = 0.05000000000000001
33.8371 	EXP 	text: height = 0.05000000000000001
33.8371 	EXP 	text: height = 0.05000000000000001
33.8371 	EXP 	text: text = 'light'
33.8371 	EXP 	slider: markerPos = None
33.8371 	EXP 	slider: markerPos = None
33.8371 	EXP 	text: autoDraw = True
33.8371 	EXP 	slider: autoDraw = True
34.9965 	DATA 	Mouse: Left button down, pos=(293,155)
35.0103 	EXP 	slider: markerPos = 0.96875
35.0270 	EXP 	slider: markerPos = 0.96875
35.0437 	EXP 	slider: markerPos = 0.96875
35.0603 	EXP 	slider: markerPos = 0.96875
35.0771 	EXP 	slider: markerPos = 0.96875
35.0937 	EXP 	slider: markerPos = 0.96875
35.1103 	EXP 	slider: markerPos = 0.96875
35.1268 	EXP 	slider: markerPos = 0.96875
35.1438 	EXP 	slider: markerPos = 0.96875
35.1603 	EXP 	slider: markerPos = 0.96875
35.1771 	EXP 	slider: markerPos = 0.96875
35.1938 	EXP 	slider: markerPos = 0.96875
35.2103 	EXP 	slider: markerPos = 0.96875
35.2124 	DATA 	Mouse:  Left button up, pos=(293,155)
35.2269 	EXP 	slider: markerPos = 1
35.2308 	EXP 	New trial (rep=0, index=6): {'study_word': 'lotion'}
35.2468 	EXP 	text: autoDraw = False
35.2468 	EXP 	slider: autoDraw = False
35.2468 	EXP 	text: height = 0.05000000000000001
35.2468 	EXP 	text: height = 0.05000000000000001
35.2468 	EXP 	text: height = 0.05000000000000001
35.2468 	EXP 	text: text = 'lotion'
35.2468 	EXP 	slider: markerPos = None
35.2468 	EXP 	slider: markerPos = None
35.2468 	EXP 	text: autoDraw = True
35.2468 	EXP 	slider: autoDraw = True
36.9030 	DATA 	Mouse: Left button down, pos=(492,157)
36.9269 	EXP 	slider: markerPos = 2.0052083333333335
36.9435 	EXP 	slider: markerPos = 2.0052083333333335
36.9603 	EXP 	slider: markerPos = 2.0052083333333335
36.9770 	EXP 	slider: markerPos = 2.0052083333333335
36.9937 	EXP 	slider: markerPos = 2.0052083333333335
37.0103 	EXP 	slider: markerPos = 2.0052083333333335
37.0268 	EXP 	slider: markerPos = 2.0052083333333335
37.0436 	EXP 	slider: markerPos = 2.0052083333333335
37.0602 	EXP 	slider: markerPos = 2.0052083333333335
37.0769 	EXP 	slider: markerPos = 2.0052083333333335
37.0936 	EXP 	slider: markerPos = 2.0052083333333335
37.1102 	EXP 	slider: markerPos = 2.0052083333333335
37.1267 	EXP 	slider: markerPos = 2.0052083333333335
37.1288 	DATA 	Mouse:  Left button up, pos=(492,157)
37.1437 	EXP 	slider: markerPos = 2.0052083333333335
37.1483 	EXP 	New trial (rep=0, index=7): {'study_word': 'cabinet'}
37.1671 	EXP 	text: autoDraw = False
37.1671 	EXP 	slider: autoDraw = False
37.1671 	EXP 	text: height = 0.05000000000000001
37.1671 	EXP 	text: height = 0.05000000000000001
37.1671 	EXP 	text: height = 0.05000000000000001
37.1671 	EXP 	text: text = 'cabinet'
37.1671 	EXP 	slider: markerPos = None
37.1671 	EXP 	slider: markerPos = None
37.1671 	EXP 	text: autoDraw = True
37.1671 	EXP 	slider: autoDraw = True
38.8732 	DATA 	Mouse: Left button down, pos=(480,157)
38.8934 	EXP 	slider: markerPos = 1.9427083333333333
38.9102 	EXP 	slider: markerPos = 1.9427083333333333
38.9269 	EXP 	slider: markerPos = 1.9427083333333333
38.9434 	EXP 	slider: markerPos = 1.9427083333333333
38.9602 	EXP 	slider: markerPos = 1.9427083333333333
38.9768 	EXP 	slider: markerPos = 1.9427083333333333
38.9937 	EXP 	slider: markerPos = 1.9427083333333333
39.0103 	EXP 	slider: markerPos = 1.9427083333333333
39.0269 	EXP 	slider: markerPos = 1.9427083333333333
39.0435 	EXP 	slider: markerPos = 1.9427083333333333
39.0604 	EXP 	slider: markerPos = 1.9427083333333333
39.0771 	EXP 	slider: markerPos = 1.9427083333333333
39.0935 	EXP 	slider: markerPos = 1.9427083333333333
39.1060 	DATA 	Mouse:  Left button up, pos=(480,157)
39.1108 	EXP 	slider: markerPos = 1.9427083333333333
39.1266 	EXP 	slider: markerPos = 1.9427083333333333
39.1305 	EXP 	New trial (rep=0, index=8): {'study_word': 'mobile'}
39.1510 	EXP 	text: autoDraw = False
39.1510 	EXP 	slider: autoDraw = False
39.1510 	EXP 	text: height = 0.05000000000000001
39.1510 	EXP 	text: height = 0.05000000000000001
39.1510 	EXP 	text: height = 0.05000000000000001
39.1510 	EXP 	text: text = 'mobile'
39.1510 	EXP 	slider: markerPos = None
39.1510 	EXP 	slider: markerPos = None
39.1510 	EXP 	text: autoDraw = True
39.1510 	EXP 	slider: autoDraw = True
40.5032 	DATA 	Mouse: Left button down, pos=(305,154)
40.5268 	EXP 	slider: markerPos = 1.03125
40.5434 	EXP 	slider: markerPos = 1.03125
40.5601 	EXP 	slider: markerPos = 1.03125
40.5769 	EXP 	slider: markerPos = 1.03125
40.5935 	EXP 	slider: markerPos = 1.03125
40.6101 	EXP 	slider: markerPos = 1.03125
40.6268 	EXP 	slider: markerPos = 1.03125
40.6435 	EXP 	slider: markerPos = 1.03125
40.6602 	EXP 	slider: markerPos = 1.03125
40.6786 	EXP 	slider: markerPos = 1.03125
40.7005 	EXP 	slider: markerPos = 1.03125
40.7150 	EXP 	slider: markerPos = 1.03125
40.7241 	DATA 	Mouse:  Left button up, pos=(305,154)
40.7266 	EXP 	slider: markerPos = 1.03125
40.7436 	EXP 	slider: markerPos = 1.03125
40.7472 	EXP 	New trial (rep=0, index=9): {'study_word': 'frame'}
40.7653 	EXP 	text: autoDraw = False
40.7653 	EXP 	slider: autoDraw = False
40.7653 	EXP 	text: height = 0.05000000000000001
40.7653 	EXP 	text: height = 0.05000000000000001
40.7653 	EXP 	text: height = 0.05000000000000001
40.7653 	EXP 	text: text = 'frame'
40.7653 	EXP 	slider: markerPos = None
40.7653 	EXP 	slider: markerPos = None
40.7653 	EXP 	text: autoDraw = True
40.7653 	EXP 	slider: autoDraw = True
42.3296 	DATA 	Mouse: Left button down, pos=(489,158)
42.3433 	EXP 	slider: markerPos = 1.9895833333333333
42.3600 	EXP 	slider: markerPos = 1.9895833333333333
42.3766 	EXP 	slider: markerPos = 1.9895833333333333
42.3935 	EXP 	slider: markerPos = 1.9895833333333333
42.4101 	EXP 	slider: markerPos = 1.9895833333333333
42.4268 	EXP 	slider: markerPos = 1.9895833333333333
42.4435 	EXP 	slider: markerPos = 1.9895833333333333
42.4598 	EXP 	slider: markerPos = 1.9895833333333333
42.4766 	EXP 	slider: markerPos = 1.9895833333333333
42.4933 	EXP 	slider: markerPos = 1.9895833333333333
42.5101 	EXP 	slider: markerPos = 1.9895833333333333
42.5268 	EXP 	slider: markerPos = 1.9895833333333333
42.5435 	EXP 	slider: markerPos = 1.9895833333333333
42.5457 	DATA 	Mouse:  Left button up, pos=(489,158)
42.5603 	EXP 	slider: markerPos = 1.9895833333333333
42.5641 	EXP 	New trial (rep=0, index=10): {'study_word': 'piano'}
42.5799 	EXP 	text: autoDraw = False
42.5799 	EXP 	slider: autoDraw = False
42.5799 	EXP 	text: height = 0.05000000000000001
42.5799 	EXP 	text: height = 0.05000000000000001
42.5799 	EXP 	text: height = 0.05000000000000001
42.5799 	EXP 	text: text = 'piano'
42.5799 	EXP 	slider: markerPos = None
42.5799 	EXP 	slider: markerPos = None
42.5799 	EXP 	text: autoDraw = True
42.5799 	EXP 	slider: autoDraw = True
43.7969 	DATA 	Mouse: Left button down, pos=(306,161)
43.8143 	EXP 	slider: markerPos = 1.0364583333333333
43.8364 	EXP 	slider: markerPos = 1.0364583333333333
43.8576 	EXP 	slider: markerPos = 1.0364583333333333
43.8772 	EXP 	slider: markerPos = 1.0364583333333333
43.8896 	EXP 	slider: markerPos = 1.0364583333333333
43.8994 	EXP 	slider: markerPos = 1.0364583333333333
43.9100 	EXP 	slider: markerPos = 1.0364583333333333
43.9267 	EXP 	slider: markerPos = 1.0364583333333333
43.9434 	EXP 	slider: markerPos = 1.0364583333333333
43.9601 	EXP 	slider: markerPos = 1.0364583333333333
43.9768 	EXP 	slider: markerPos = 1.0364583333333333
43.9933 	EXP 	slider: markerPos = 1.0364583333333333
44.0100 	EXP 	slider: markerPos = 1.0364583333333333
44.0118 	DATA 	Mouse:  Left button up, pos=(306,161)
44.0267 	EXP 	slider: markerPos = 1.0364583333333333
44.0304 	EXP 	New trial (rep=0, index=11): {'study_word': 'tiger'}
44.0454 	EXP 	text: autoDraw = False
44.0454 	EXP 	slider: autoDraw = False
44.0454 	EXP 	text: height = 0.05000000000000001
44.0454 	EXP 	text: height = 0.05000000000000001
44.0454 	EXP 	text: height = 0.05000000000000001
44.0454 	EXP 	text: text = 'tiger'
44.0454 	EXP 	slider: markerPos = None
44.0454 	EXP 	slider: markerPos = None
44.0454 	EXP 	text: autoDraw = True
44.0454 	EXP 	slider: autoDraw = True
45.8136 	DATA 	Mouse: Left button down, pos=(491,160)
45.8284 	EXP 	slider: markerPos = 2.0
45.8431 	EXP 	slider: markerPos = 2.0
45.8599 	EXP 	slider: markerPos = 2.0
45.8767 	EXP 	slider: markerPos = 2.0
45.8933 	EXP 	slider: markerPos = 2.0
45.9099 	EXP 	slider: markerPos = 2.0
45.9266 	EXP 	slider: markerPos = 2.0
45.9433 	EXP 	slider: markerPos = 2.0
45.9600 	EXP 	slider: markerPos = 2.0
45.9766 	EXP 	slider: markerPos = 2.0
45.9933 	EXP 	slider: markerPos = 2.0
46.0100 	EXP 	slider: markerPos = 2.0
46.0267 	EXP 	slider: markerPos = 2.0
46.0433 	EXP 	slider: markerPos = 2.0
46.0452 	DATA 	Mouse:  Left button up, pos=(491,160)
46.0599 	EXP 	slider: markerPos = 2.0
46.0639 	EXP 	New trial (rep=0, index=12): {'study_word': 'charger'}
46.0800 	EXP 	text: autoDraw = False
46.0800 	EXP 	slider: autoDraw = False
46.0800 	EXP 	text: height = 0.05000000000000001
46.0800 	EXP 	text: height = 0.05000000000000001
46.0800 	EXP 	text: height = 0.05000000000000001
46.0800 	EXP 	text: text = 'charger'
46.0800 	EXP 	slider: markerPos = None
46.0800 	EXP 	slider: markerPos = None
46.0800 	EXP 	text: autoDraw = True
46.0800 	EXP 	slider: autoDraw = True
47.4862 	DATA 	Mouse: Left button down, pos=(304,156)
47.5116 	EXP 	slider: markerPos = 1.0260416666666667
47.5267 	EXP 	slider: markerPos = 1.0260416666666667
47.5430 	EXP 	slider: markerPos = 1.0260416666666667
47.5599 	EXP 	slider: markerPos = 1.0260416666666667
47.5767 	EXP 	slider: markerPos = 1.0260416666666667
47.5933 	EXP 	slider: markerPos = 1.0260416666666667
47.6098 	EXP 	slider: markerPos = 1.0260416666666667
47.6266 	EXP 	slider: markerPos = 1.0260416666666667
47.6432 	EXP 	slider: markerPos = 1.0260416666666667
47.6600 	EXP 	slider: markerPos = 1.0260416666666667
47.6766 	EXP 	slider: markerPos = 1.0260416666666667
47.6932 	EXP 	slider: markerPos = 1.0260416666666667
47.7034 	DATA 	Mouse:  Left button up, pos=(304,156)
47.7099 	EXP 	slider: markerPos = 1.0260416666666667
47.7266 	EXP 	slider: markerPos = 1.0260416666666667
47.7305 	EXP 	New trial (rep=0, index=13): {'study_word': 'book '}
47.7466 	EXP 	text: autoDraw = False
47.7466 	EXP 	slider: autoDraw = False
47.7466 	EXP 	text: height = 0.05000000000000001
47.7466 	EXP 	text: height = 0.05000000000000001
47.7466 	EXP 	text: height = 0.05000000000000001
47.7466 	EXP 	text: text = 'book '
47.7466 	EXP 	slider: markerPos = None
47.7466 	EXP 	slider: markerPos = None
47.7466 	EXP 	text: autoDraw = True
47.7466 	EXP 	slider: autoDraw = True
49.4532 	DATA 	Mouse: Left button down, pos=(485,152)
49.4766 	EXP 	slider: markerPos = 1.96875
49.4932 	EXP 	slider: markerPos = 1.96875
49.5099 	EXP 	slider: markerPos = 1.96875
49.5266 	EXP 	slider: markerPos = 1.96875
49.5429 	EXP 	slider: markerPos = 1.96875
49.5598 	EXP 	slider: markerPos = 1.96875
49.5764 	EXP 	slider: markerPos = 1.96875
49.5932 	EXP 	slider: markerPos = 1.96875
49.6097 	EXP 	slider: markerPos = 1.96875
49.6264 	EXP 	slider: markerPos = 1.96875
49.6433 	EXP 	slider: markerPos = 1.96875
49.6599 	EXP 	slider: markerPos = 1.96875
49.6703 	DATA 	Mouse:  Left button up, pos=(485,152)
49.6765 	EXP 	slider: markerPos = 1.96875
49.6931 	EXP 	slider: markerPos = 1.96875
49.6971 	EXP 	New trial (rep=0, index=14): {'study_word': 'curtain'}
49.7139 	EXP 	text: autoDraw = False
49.7139 	EXP 	slider: autoDraw = False
49.7139 	EXP 	text: height = 0.05000000000000001
49.7139 	EXP 	text: height = 0.05000000000000001
49.7139 	EXP 	text: height = 0.05000000000000001
49.7139 	EXP 	text: text = 'curtain'
49.7139 	EXP 	slider: markerPos = None
49.7139 	EXP 	slider: markerPos = None
49.7139 	EXP 	text: autoDraw = True
49.7139 	EXP 	slider: autoDraw = True
50.7454 	DATA 	Mouse: Left button down, pos=(485,152)
50.7600 	EXP 	slider: markerPos = 1.96875
50.7765 	EXP 	slider: markerPos = 1.96875
50.7930 	EXP 	slider: markerPos = 1.96875
50.8098 	EXP 	slider: markerPos = 1.96875
50.8265 	EXP 	slider: markerPos = 1.96875
50.8432 	EXP 	slider: markerPos = 1.96875
50.8597 	EXP 	slider: markerPos = 1.96875
50.8765 	EXP 	slider: markerPos = 1.96875
50.8931 	EXP 	slider: markerPos = 1.96875
50.9099 	EXP 	slider: markerPos = 1.96875
50.9264 	EXP 	slider: markerPos = 1.96875
50.9432 	EXP 	slider: markerPos = 1.96875
50.9599 	EXP 	slider: markerPos = 1.96875
50.9705 	DATA 	Mouse:  Left button up, pos=(485,152)
50.9764 	EXP 	slider: markerPos = 1.96875
50.9931 	EXP 	slider: markerPos = 1.96875
51.0036 	EXP 	Imported test_word.xlsx as conditions, 30 conditions, 1 params
51.0044 	EXP 	Created sequence: random, trialTypes=30, nReps=1, seed=None
51.0046 	EXP 	New trial (rep=0, index=0): {'test': 'c_s_i_n'}
51.0225 	EXP 	text: autoDraw = False
51.0225 	EXP 	slider: autoDraw = False
51.0225 	EXP 	text_2: height = 0.05000000000000001
51.0225 	EXP 	text_2: height = 0.05000000000000001
51.0225 	EXP 	text_2: height = 0.05000000000000001
51.0225 	EXP 	text_2: text = 'c_s_i_n'
51.0225 	EXP 	text_2: autoDraw = True
51.0225 	EXP 	textbox: autoDraw = True
51.0225 	EXP 	text_3: autoDraw = True
53.1119 	DATA 	Keypress: c
53.2771 	DATA 	Keypress: u
54.5938 	DATA 	Keypress: s
54.8359 	DATA 	Keypress: h
55.9270 	DATA 	Keypress: i
56.1106 	DATA 	Keypress: o
56.4687 	DATA 	Keypress: n
56.5821 	DATA 	Keypress: n
57.3856 	DATA 	Keypress: backspace
57.9342 	DATA 	Keypress: return
58.9535 	DATA 	Mouse: Left button down, pos=(626,275)
59.0847 	DATA 	Mouse:  Left button up, pos=(626,275)
60.3524 	DATA 	Mouse: Left button down, pos=(677,158)
60.3638 	EXP 	New trial (rep=0, index=1): {'test': '_e_a_'}
60.3784 	EXP 	text_2: autoDraw = False
60.3784 	EXP 	textbox: autoDraw = False
60.3784 	EXP 	text_3: autoDraw = False
60.3784 	EXP 	text_2: height = 0.05000000000000001
60.3784 	EXP 	text_2: height = 0.05000000000000001
60.3784 	EXP 	text_2: height = 0.05000000000000001
60.3784 	EXP 	text_2: text = '_e_a_'
60.3784 	EXP 	text_2: autoDraw = True
60.3784 	EXP 	textbox: autoDraw = True
60.3784 	EXP 	text_3: autoDraw = True
60.5768 	DATA 	Mouse:  Left button up, pos=(677,158)
68.0193 	DATA 	Keypress: f
68.2847 	DATA 	Keypress: e
68.9677 	DATA 	Keypress: backspace
69.4184 	DATA 	Keypress: backspace
70.3775 	EXP 	New trial (rep=0, index=2): {'test': '_a_e'}
70.3946 	EXP 	text_2: autoDraw = False
70.3946 	EXP 	textbox: autoDraw = False
70.3946 	EXP 	text_3: autoDraw = False
70.3946 	EXP 	text_2: height = 0.05000000000000001
70.3946 	EXP 	text_2: height = 0.05000000000000001
70.3946 	EXP 	text_2: height = 0.05000000000000001
70.3946 	EXP 	text_2: text = '_a_e'
70.3946 	EXP 	text_2: autoDraw = True
70.3946 	EXP 	textbox: autoDraw = True
70.3946 	EXP 	text_3: autoDraw = True
71.9853 	DATA 	Keypress: v
72.1723 	DATA 	Keypress: a
72.3850 	DATA 	Keypress: s
72.4931 	DATA 	Keypress: e
73.3669 	DATA 	Mouse: Left button down, pos=(677,158)
73.3786 	EXP 	New trial (rep=0, index=3): {'test': '_oo_'}
73.3928 	EXP 	text_2: autoDraw = False
73.3928 	EXP 	textbox: autoDraw = False
73.3928 	EXP 	text_3: autoDraw = False
73.3928 	EXP 	text_2: height = 0.05000000000000001
73.3928 	EXP 	text_2: height = 0.05000000000000001
73.3928 	EXP 	text_2: height = 0.05000000000000001
73.3928 	EXP 	text_2: text = '_oo_'
73.3928 	EXP 	text_2: autoDraw = True
73.3928 	EXP 	textbox: autoDraw = True
73.3928 	EXP 	text_3: autoDraw = True
73.4431 	DATA 	Mouse:  Left button up, pos=(677,158)
74.8341 	DATA 	Keypress: b
75.2762 	DATA 	Keypress: o
75.4182 	DATA 	Keypress: o
75.6018 	DATA 	Keypress: k
76.8598 	DATA 	Mouse: Left button down, pos=(658,165)
76.8629 	EXP 	New trial (rep=0, index=4): {'test': '_ia_n_'}
76.8765 	EXP 	text_2: autoDraw = False
76.8765 	EXP 	textbox: autoDraw = False
76.8765 	EXP 	text_3: autoDraw = False
76.8765 	EXP 	text_2: height = 0.05000000000000001
76.8765 	EXP 	text_2: height = 0.05000000000000001
76.8765 	EXP 	text_2: height = 0.05000000000000001
76.8765 	EXP 	text_2: text = '_ia_n_'
76.8765 	EXP 	text_2: autoDraw = True
76.8765 	EXP 	textbox: autoDraw = True
76.8765 	EXP 	text_3: autoDraw = True
76.9697 	DATA 	Mouse:  Left button up, pos=(658,165)
78.5928 	DATA 	Keypress: p
78.8504 	DATA 	Keypress: i
79.1262 	DATA 	Keypress: a
79.4674 	DATA 	Keypress: n
80.3096 	DATA 	Keypress: o
81.9099 	DATA 	Mouse: Left button down, pos=(661,143)
81.9136 	EXP 	New trial (rep=0, index=5): {'test': 'c_b_n_t'}
81.9315 	EXP 	text_2: autoDraw = False
81.9315 	EXP 	textbox: autoDraw = False
81.9315 	EXP 	text_3: autoDraw = False
81.9315 	EXP 	text_2: height = 0.05000000000000001
81.9315 	EXP 	text_2: height = 0.05000000000000001
81.9315 	EXP 	text_2: height = 0.05000000000000001
81.9315 	EXP 	text_2: text = 'c_b_n_t'
81.9315 	EXP 	text_2: autoDraw = True
81.9315 	EXP 	textbox: autoDraw = True
81.9315 	EXP 	text_3: autoDraw = True
82.0503 	DATA 	Mouse:  Left button up, pos=(661,143)
83.4522 	DATA 	Keypress: c
83.6532 	DATA 	Keypress: a
84.1000 	DATA 	Keypress: b
84.7678 	DATA 	Keypress: i
84.9758 	DATA 	Keypress: n
85.2677 	DATA 	Keypress: e
85.4091 	DATA 	Keypress: t
86.3336 	DATA 	Mouse: Left button down, pos=(663,148)
86.3447 	EXP 	New trial (rep=0, index=6): {'test': '_e_t'}
86.3585 	EXP 	text_2: autoDraw = False
86.3585 	EXP 	textbox: autoDraw = False
86.3585 	EXP 	text_3: autoDraw = False
86.3585 	EXP 	text_2: height = 0.05000000000000001
86.3585 	EXP 	text_2: height = 0.05000000000000001
86.3585 	EXP 	text_2: height = 0.05000000000000001
86.3585 	EXP 	text_2: text = '_e_t'
86.3585 	EXP 	text_2: autoDraw = True
86.3585 	EXP 	textbox: autoDraw = True
86.3585 	EXP 	text_3: autoDraw = True
86.4335 	DATA 	Mouse:  Left button up, pos=(663,148)
89.9180 	DATA 	Keypress: b
90.1591 	DATA 	Keypress: e
90.3844 	DATA 	Keypress: l
90.6854 	DATA 	Keypress: t
91.1090 	DATA 	Mouse: Left button down, pos=(661,153)
91.1117 	EXP 	New trial (rep=0, index=7): {'test': 'c_m_r_'}
91.1251 	EXP 	text_2: autoDraw = False
91.1251 	EXP 	textbox: autoDraw = False
91.1251 	EXP 	text_3: autoDraw = False
91.1251 	EXP 	text_2: height = 0.05000000000000001
91.1251 	EXP 	text_2: height = 0.05000000000000001
91.1251 	EXP 	text_2: height = 0.05000000000000001
91.1251 	EXP 	text_2: text = 'c_m_r_'
91.1251 	EXP 	text_2: autoDraw = True
91.1251 	EXP 	textbox: autoDraw = True
91.1251 	EXP 	text_3: autoDraw = True
91.2262 	DATA 	Mouse:  Left button up, pos=(661,153)
92.1421 	DATA 	Keypress: c
92.4094 	DATA 	Keypress: a
92.6427 	DATA 	Keypress: m
92.8590 	DATA 	Keypress: e
93.0756 	DATA 	Keypress: r
93.2423 	DATA 	Keypress: a
94.1762 	DATA 	Mouse: Left button down, pos=(666,148)
94.1788 	EXP 	New trial (rep=0, index=8): {'test': '_o_s_'}
94.1928 	EXP 	text_2: autoDraw = False
94.1928 	EXP 	textbox: autoDraw = False
94.1928 	EXP 	text_3: autoDraw = False
94.1928 	EXP 	text_2: height = 0.05000000000000001
94.1928 	EXP 	text_2: height = 0.05000000000000001
94.1928 	EXP 	text_2: height = 0.05000000000000001
94.1928 	EXP 	text_2: text = '_o_s_'
94.1928 	EXP 	text_2: autoDraw = True
94.1928 	EXP 	textbox: autoDraw = True
94.1928 	EXP 	text_3: autoDraw = True
94.3342 	DATA 	Mouse:  Left button up, pos=(666,148)
104.1930 	EXP 	New trial (rep=0, index=9): {'test': 'b_a_k_t'}
104.2111 	EXP 	text_2: autoDraw = False
104.2111 	EXP 	textbox: autoDraw = False
104.2111 	EXP 	text_3: autoDraw = False
104.2111 	EXP 	text_2: height = 0.05000000000000001
104.2111 	EXP 	text_2: height = 0.05000000000000001
104.2111 	EXP 	text_2: height = 0.05000000000000001
104.2111 	EXP 	text_2: text = 'b_a_k_t'
104.2111 	EXP 	text_2: autoDraw = True
104.2111 	EXP 	textbox: autoDraw = True
104.2111 	EXP 	text_3: autoDraw = True
105.7500 	DATA 	Keypress: b
106.3086 	DATA 	Keypress: l
106.4918 	DATA 	Keypress: a
106.7000 	DATA 	Keypress: n
107.1480 	DATA 	Keypress: k
107.3494 	DATA 	Keypress: e
107.5507 	DATA 	Keypress: t
108.6998 	DATA 	Mouse: Left button down, pos=(659,184)
108.8497 	DATA 	Mouse:  Left button up, pos=(659,184)
109.6153 	DATA 	Mouse: Left button down, pos=(659,168)
109.6281 	EXP 	New trial (rep=0, index=10): {'test': '_a_d_'}
109.6458 	EXP 	text_2: autoDraw = False
109.6458 	EXP 	textbox: autoDraw = False
109.6458 	EXP 	text_3: autoDraw = False
109.6458 	EXP 	text_2: height = 0.05000000000000001
109.6458 	EXP 	text_2: height = 0.05000000000000001
109.6458 	EXP 	text_2: height = 0.05000000000000001
109.6458 	EXP 	text_2: text = '_a_d_'
109.6458 	EXP 	text_2: autoDraw = True
109.6458 	EXP 	textbox: autoDraw = True
109.6458 	EXP 	text_3: autoDraw = True
109.7322 	DATA 	Mouse:  Left button up, pos=(659,168)
119.2997 	DATA 	Keypress: b
119.4912 	DATA 	Keypress: a
119.6424 	EXP 	New trial (rep=0, index=11): {'test': 't_i_k_e'}
119.6598 	EXP 	text_2: autoDraw = False
119.6598 	EXP 	textbox: autoDraw = False
119.6598 	EXP 	text_3: autoDraw = False
119.6598 	EXP 	text_2: height = 0.05000000000000001
119.6598 	EXP 	text_2: height = 0.05000000000000001
119.6598 	EXP 	text_2: height = 0.05000000000000001
119.6598 	EXP 	text_2: text = 't_i_k_e'
119.6598 	EXP 	text_2: autoDraw = True
119.6598 	EXP 	textbox: autoDraw = True
119.6598 	EXP 	text_3: autoDraw = True
128.1821 	DATA 	Keypress: t
128.4577 	DATA 	Keypress: h
129.6420 	EXP 	New trial (rep=0, index=12): {'test': 'c_r_a_n'}
129.6591 	EXP 	text_2: autoDraw = False
129.6591 	EXP 	textbox: autoDraw = False
129.6591 	EXP 	text_3: autoDraw = False
129.6591 	EXP 	text_2: height = 0.05000000000000001
129.6591 	EXP 	text_2: height = 0.05000000000000001
129.6591 	EXP 	text_2: height = 0.05000000000000001
129.6591 	EXP 	text_2: text = 'c_r_a_n'
129.6591 	EXP 	text_2: autoDraw = True
129.6591 	EXP 	textbox: autoDraw = True
129.6591 	EXP 	text_3: autoDraw = True
133.7156 	DATA 	Keypress: c
133.9408 	DATA 	Keypress: a
134.1305 	DATA 	Keypress: r
134.3001 	DATA 	Keypress: r
135.9323 	DATA 	Keypress: o
136.2152 	DATA 	Keypress: m
138.2074 	DATA 	Keypress: backspace
138.7486 	DATA 	Keypress: n
139.6415 	EXP 	New trial (rep=0, index=13): {'test': '_p_a_d_'}
139.6611 	EXP 	text_2: autoDraw = False
139.6611 	EXP 	textbox: autoDraw = False
139.6611 	EXP 	text_3: autoDraw = False
139.6611 	EXP 	text_2: height = 0.05000000000000001
139.6611 	EXP 	text_2: height = 0.05000000000000001
139.6611 	EXP 	text_2: height = 0.05000000000000001
139.6611 	EXP 	text_2: text = '_p_a_d_'
139.6611 	EXP 	text_2: autoDraw = True
139.6611 	EXP 	textbox: autoDraw = True
139.6611 	EXP 	text_3: autoDraw = True
139.6908 	DATA 	Mouse: Left button down, pos=(727,135)
139.6931 	EXP 	New trial (rep=0, index=14): {'test': '_ea_o_'}
139.7065 	EXP 	text_2: autoDraw = False
139.7065 	EXP 	textbox: autoDraw = False
139.7065 	EXP 	text_3: autoDraw = False
139.7065 	EXP 	text_2: height = 0.05000000000000001
139.7065 	EXP 	text_2: height = 0.05000000000000001
139.7065 	EXP 	text_2: height = 0.05000000000000001
139.7065 	EXP 	text_2: text = '_ea_o_'
139.7065 	EXP 	text_2: autoDraw = True
139.7065 	EXP 	textbox: autoDraw = True
139.7065 	EXP 	text_3: autoDraw = True
139.8149 	DATA 	Mouse:  Left button up, pos=(727,135)
148.5167 	DATA 	Keypress: b
149.3903 	DATA 	Keypress: e
149.6923 	EXP 	New trial (rep=0, index=15): {'test': 't_g_r'}
149.7107 	EXP 	text_2: autoDraw = False
149.7107 	EXP 	textbox: autoDraw = False
149.7107 	EXP 	text_3: autoDraw = False
149.7107 	EXP 	text_2: autoDraw = False
149.7107 	EXP 	textbox: autoDraw = False
149.7107 	EXP 	text_3: autoDraw = False
149.7107 	EXP 	text_2: height = 0.05000000000000001
149.7107 	EXP 	text_2: height = 0.05000000000000001
149.7107 	EXP 	text_2: height = 0.05000000000000001
149.7107 	EXP 	text_2: text = 't_g_r'
149.7107 	EXP 	text_2: autoDraw = True
149.7107 	EXP 	textbox: autoDraw = True
149.7107 	EXP 	text_3: autoDraw = True
150.8735 	DATA 	Keypress: t
151.1902 	DATA 	Keypress: i
151.4235 	DATA 	Keypress: g
151.5607 	DATA 	Keypress: e
151.6907 	DATA 	Keypress: r
152.9237 	DATA 	Mouse: Left button down, pos=(679,155)
152.9270 	EXP 	New trial (rep=0, index=16): {'test': 'f_a_'}
152.9431 	EXP 	text_2: autoDraw = False
152.9431 	EXP 	textbox: autoDraw = False
152.9431 	EXP 	text_3: autoDraw = False
152.9431 	EXP 	text_2: height = 0.05000000000000001
152.9431 	EXP 	text_2: height = 0.05000000000000001
152.9431 	EXP 	text_2: height = 0.05000000000000001
152.9431 	EXP 	text_2: text = 'f_a_'
152.9431 	EXP 	text_2: autoDraw = True
152.9431 	EXP 	textbox: autoDraw = True
152.9431 	EXP 	text_3: autoDraw = True
153.0739 	DATA 	Mouse:  Left button up, pos=(679,155)
157.5898 	DATA 	Keypress: f
157.8150 	DATA 	Keypress: r
159.3235 	DATA 	Keypress: backspace
159.6148 	DATA 	Keypress: backspace
160.5150 	DATA 	Keypress: f
160.8068 	DATA 	Keypress: l
161.0152 	DATA 	Keypress: a
161.1734 	DATA 	Keypress: g
161.9566 	DATA 	Mouse: Left button down, pos=(681,148)
161.9592 	EXP 	New trial (rep=0, index=17): {'test': 'o_a_n_e'}
161.9722 	EXP 	text_2: autoDraw = False
161.9722 	EXP 	textbox: autoDraw = False
161.9722 	EXP 	text_3: autoDraw = False
161.9722 	EXP 	text_2: height = 0.05000000000000001
161.9722 	EXP 	text_2: height = 0.05000000000000001
161.9722 	EXP 	text_2: height = 0.05000000000000001
161.9722 	EXP 	text_2: text = 'o_a_n_e'
161.9722 	EXP 	text_2: autoDraw = True
161.9722 	EXP 	textbox: autoDraw = True
161.9722 	EXP 	text_3: autoDraw = True
162.0733 	DATA 	Mouse:  Left button up, pos=(681,148)
163.7237 	DATA 	Keypress: o
164.1234 	DATA 	Keypress: r
164.3315 	DATA 	Keypress: a
164.5231 	DATA 	Keypress: n
164.7645 	DATA 	Keypress: g
164.8979 	DATA 	Keypress: e
165.9981 	DATA 	Mouse: Left button down, pos=(676,138)
166.0085 	EXP 	New trial (rep=0, index=18): {'test': 'f_ir_'}
166.0239 	EXP 	text_2: autoDraw = False
166.0239 	EXP 	textbox: autoDraw = False
166.0239 	EXP 	text_3: autoDraw = False
166.0239 	EXP 	text_2: height = 0.05000000000000001
166.0239 	EXP 	text_2: height = 0.05000000000000001
166.0239 	EXP 	text_2: height = 0.05000000000000001
166.0239 	EXP 	text_2: text = 'f_ir_'
166.0239 	EXP 	text_2: autoDraw = True
166.0239 	EXP 	textbox: autoDraw = True
166.0239 	EXP 	text_3: autoDraw = True
166.0971 	DATA 	Mouse:  Left button up, pos=(676,138)
176.0247 	EXP 	New trial (rep=0, index=19): {'test': 's_i_c_'}
176.0451 	EXP 	text_2: autoDraw = False
176.0451 	EXP 	textbox: autoDraw = False
176.0451 	EXP 	text_3: autoDraw = False
176.0451 	EXP 	text_2: height = 0.05000000000000001
176.0451 	EXP 	text_2: height = 0.05000000000000001
176.0451 	EXP 	text_2: height = 0.05000000000000001
176.0451 	EXP 	text_2: text = 's_i_c_'
176.0451 	EXP 	text_2: autoDraw = True
176.0451 	EXP 	textbox: autoDraw = True
176.0451 	EXP 	text_3: autoDraw = True
179.6140 	DATA 	Keypress: s
180.9804 	DATA 	Keypress: h
182.3223 	DATA 	Keypress: i
183.8460 	DATA 	Keypress: c
185.6556 	DATA 	Keypress: backspace
186.0233 	EXP 	New trial (rep=0, index=20): {'test': 'h_n_s'}
186.0403 	EXP 	text_2: autoDraw = False
186.0403 	EXP 	textbox: autoDraw = False
186.0403 	EXP 	text_3: autoDraw = False
186.0403 	EXP 	text_2: height = 0.05000000000000001
186.0403 	EXP 	text_2: height = 0.05000000000000001
186.0403 	EXP 	text_2: height = 0.05000000000000001
186.0403 	EXP 	text_2: text = 'h_n_s'
186.0403 	EXP 	text_2: autoDraw = True
186.0403 	EXP 	textbox: autoDraw = True
186.0403 	EXP 	text_3: autoDraw = True
186.0816 	DATA 	Keypress: backspace
188.5117 	DATA 	Keypress: h
188.7388 	DATA 	Keypress: a
188.8633 	DATA 	Keypress: n
189.2054 	DATA 	Keypress: d
189.3654 	DATA 	Keypress: s
190.4223 	DATA 	Mouse: Left button down, pos=(670,157)
190.4246 	EXP 	New trial (rep=0, index=21): {'test': '_l_we_'}
190.4428 	EXP 	text_2: autoDraw = False
190.4428 	EXP 	textbox: autoDraw = False
190.4428 	EXP 	text_3: autoDraw = False
190.4428 	EXP 	text_2: height = 0.05000000000000001
190.4428 	EXP 	text_2: height = 0.05000000000000001
190.4428 	EXP 	text_2: height = 0.05000000000000001
190.4428 	EXP 	text_2: text = '_l_we_'
190.4428 	EXP 	text_2: autoDraw = True
190.4428 	EXP 	textbox: autoDraw = True
190.4428 	EXP 	text_3: autoDraw = True
190.5221 	DATA 	Mouse:  Left button up, pos=(670,157)
200.4392 	EXP 	New trial (rep=0, index=22): {'test': 'f_a_e'}
200.4577 	EXP 	text_2: autoDraw = False
200.4577 	EXP 	textbox: autoDraw = False
200.4577 	EXP 	text_3: autoDraw = False
200.4577 	EXP 	text_2: height = 0.05000000000000001
200.4577 	EXP 	text_2: height = 0.05000000000000001
200.4577 	EXP 	text_2: height = 0.05000000000000001
200.4577 	EXP 	text_2: text = 'f_a_e'
200.4577 	EXP 	text_2: autoDraw = True
200.4577 	EXP 	textbox: autoDraw = True
200.4577 	EXP 	text_3: autoDraw = True
200.4714 	DATA 	Keypress: t
201.1968 	DATA 	Keypress: o
201.8131 	DATA 	Keypress: backspace
202.0453 	DATA 	Keypress: backspace
202.6289 	DATA 	Keypress: f
202.8223 	DATA 	Keypress: r
202.9628 	DATA 	Keypress: a
203.5050 	DATA 	Keypress: m
203.6960 	DATA 	Keypress: e
204.8219 	DATA 	Mouse: Left button down, pos=(642,153)
204.8247 	EXP 	New trial (rep=0, index=23): {'test': 'f__d'}
204.8373 	EXP 	text_2: autoDraw = False
204.8373 	EXP 	textbox: autoDraw = False
204.8373 	EXP 	text_3: autoDraw = False
204.8373 	EXP 	text_2: height = 0.05000000000000001
204.8373 	EXP 	text_2: height = 0.05000000000000001
204.8373 	EXP 	text_2: height = 0.05000000000000001
204.8373 	EXP 	text_2: text = 'f__d'
204.8373 	EXP 	text_2: autoDraw = True
204.8373 	EXP 	textbox: autoDraw = True
204.8373 	EXP 	text_3: autoDraw = True
204.9801 	DATA 	Mouse:  Left button up, pos=(642,153)
206.2628 	DATA 	Keypress: f
206.4714 	DATA 	Keypress: o
206.6122 	DATA 	Keypress: o
206.7294 	DATA 	Keypress: d
207.4302 	DATA 	Mouse: Left button down, pos=(645,155)
207.4405 	EXP 	New trial (rep=0, index=24): {'test': 'l_t__n'}
207.4624 	EXP 	text_2: autoDraw = False
207.4624 	EXP 	textbox: autoDraw = False
207.4624 	EXP 	text_3: autoDraw = False
207.4624 	EXP 	text_2: height = 0.05000000000000001
207.4624 	EXP 	text_2: height = 0.05000000000000001
207.4624 	EXP 	text_2: height = 0.05000000000000001
207.4624 	EXP 	text_2: text = 'l_t__n'
207.4624 	EXP 	text_2: autoDraw = True
207.4624 	EXP 	textbox: autoDraw = True
207.4624 	EXP 	text_3: autoDraw = True
207.5144 	DATA 	Mouse:  Left button up, pos=(645,155)
209.4717 	DATA 	Keypress: l
209.6882 	DATA 	Keypress: o
209.9964 	DATA 	Keypress: t
210.1458 	DATA 	Keypress: i
210.2962 	DATA 	Keypress: o
210.8463 	DATA 	Keypress: n
211.9627 	DATA 	Mouse: Left button down, pos=(669,149)
211.9745 	EXP 	New trial (rep=0, index=25): {'test': '_o_i_e'}
211.9908 	EXP 	text_2: autoDraw = False
211.9908 	EXP 	textbox: autoDraw = False
211.9908 	EXP 	text_3: autoDraw = False
211.9908 	EXP 	text_2: height = 0.05000000000000001
211.9908 	EXP 	text_2: height = 0.05000000000000001
211.9908 	EXP 	text_2: height = 0.05000000000000001
211.9908 	EXP 	text_2: text = '_o_i_e'
211.9908 	EXP 	text_2: autoDraw = True
211.9908 	EXP 	textbox: autoDraw = True
211.9908 	EXP 	text_3: autoDraw = True
212.0712 	DATA 	Mouse:  Left button up, pos=(669,149)
221.9884 	EXP 	New trial (rep=0, index=26): {'test': 'd_a_e_'}
222.0068 	EXP 	text_2: autoDraw = False
222.0068 	EXP 	textbox: autoDraw = False
222.0068 	EXP 	text_3: autoDraw = False
222.0068 	EXP 	text_2: height = 0.05000000000000001
222.0068 	EXP 	text_2: height = 0.05000000000000001
222.0068 	EXP 	text_2: height = 0.05000000000000001
222.0068 	EXP 	text_2: text = 'd_a_e_'
222.0068 	EXP 	text_2: autoDraw = True
222.0068 	EXP 	textbox: autoDraw = True
222.0068 	EXP 	text_3: autoDraw = True
227.0797 	DATA 	Keypress: d
227.3293 	DATA 	Keypress: r
227.4793 	DATA 	Keypress: a
231.5704 	DATA 	Keypress: v
231.8872 	DATA 	Keypress: e
231.9882 	EXP 	New trial (rep=0, index=27): {'test': 'l_g_t'}
232.0065 	EXP 	text_2: autoDraw = False
232.0065 	EXP 	textbox: autoDraw = False
232.0065 	EXP 	text_3: autoDraw = False
232.0065 	EXP 	text_2: height = 0.05000000000000001
232.0065 	EXP 	text_2: height = 0.05000000000000001
232.0065 	EXP 	text_2: height = 0.05000000000000001
232.0065 	EXP 	text_2: text = 'l_g_t'
232.0065 	EXP 	text_2: autoDraw = True
232.0065 	EXP 	textbox: autoDraw = True
232.0065 	EXP 	text_3: autoDraw = True
234.1962 	DATA 	Keypress: l
234.4203 	DATA 	Keypress: e
234.6583 	DATA 	Keypress: g
234.9461 	DATA 	Keypress: i
235.1371 	DATA 	Keypress: t
236.4453 	DATA 	Mouse: Left button down, pos=(680,151)
236.4558 	EXP 	New trial (rep=0, index=28): {'test': 'c_a_g_r'}
236.4712 	EXP 	text_2: autoDraw = False
236.4712 	EXP 	textbox: autoDraw = False
236.4712 	EXP 	text_3: autoDraw = False
236.4712 	EXP 	text_2: height = 0.05000000000000001
236.4712 	EXP 	text_2: height = 0.05000000000000001
236.4712 	EXP 	text_2: height = 0.05000000000000001
236.4712 	EXP 	text_2: text = 'c_a_g_r'
236.4712 	EXP 	text_2: autoDraw = True
236.4712 	EXP 	textbox: autoDraw = True
236.4712 	EXP 	text_3: autoDraw = True
236.6037 	DATA 	Mouse:  Left button up, pos=(680,151)
242.0456 	DATA 	Keypress: c
242.9033 	DATA 	Keypress: r
246.2453 	DATA 	Keypress: backspace
246.4707 	EXP 	New trial (rep=0, index=29): {'test': '_u_b_r'}
246.4893 	EXP 	text_2: autoDraw = False
246.4893 	EXP 	textbox: autoDraw = False
246.4893 	EXP 	text_3: autoDraw = False
246.4893 	EXP 	text_2: height = 0.05000000000000001
246.4893 	EXP 	text_2: height = 0.05000000000000001
246.4893 	EXP 	text_2: height = 0.05000000000000001
246.4893 	EXP 	text_2: text = '_u_b_r'
246.4893 	EXP 	text_2: autoDraw = True
246.4893 	EXP 	textbox: autoDraw = True
246.4893 	EXP 	text_3: autoDraw = True
256.4857 	EXP 	text_2: autoDraw = False
256.4857 	EXP 	textbox: autoDraw = False
256.4857 	EXP 	text_3: autoDraw = False
256.7173 	EXP 	window1: mouseVisible = True
